0 info it worked if it ends with ok
1 verbose cli [ 'C:\\Program Files\\nodejs\\node.exe',
1 verbose cli   'C:\\Program Files\\nodejs\\node_modules\\npm\\bin\\npm-cli.js',
1 verbose cli   'start' ]
2 info using npm@3.10.10
3 info using node@v6.9.4
4 verbose run-script [ 'prestart', 'start', 'poststart' ]
5 info lifecycle notice-board@0.0.0~prestart: notice-board@0.0.0
6 silly lifecycle notice-board@0.0.0~prestart: no script for prestart, continuing
7 info lifecycle notice-board@0.0.0~start: notice-board@0.0.0
8 verbose lifecycle notice-board@0.0.0~start: unsafe-perm in lifecycle true
9 verbose lifecycle notice-board@0.0.0~start: PATH: C:\Program Files\nodejs\node_modules\npm\bin\node-gyp-bin;C:\Users\Yejin\js\Node\notice_board\node_modules\.bin;C:\Program Files\Microsoft MPI\Bin\;C:\ProgramData\Oracle\Java\javapath;C:\Program Files (x86)\NVIDIA Corporation\PhysX\Common;C:\Program Files\Common Files\Microsoft Shared\Windows Live;C:\Program Files (x86)\Common Files\Microsoft Shared\Windows Live;C:\Program Files (x86)\Intel\iCLS Client\;C:\Program Files\Intel\iCLS Client\;C:\WINDOWS\system32;C:\WINDOWS;C:\WINDOWS\System32\Wbem;C:\WINDOWS\System32\WindowsPowerShell\v1.0\;C:\Program Files\Intel\Intel(R) Management Engine Components\DAL;C:\Program Files\Intel\Intel(R) Management Engine Components\IPT;C:\Program Files (x86)\Intel\Intel(R) Management Engine Components\DAL;C:\Program Files (x86)\Intel\Intel(R) Management Engine Components\IPT;C:\Program Files (x86)\Intel\OpenCL SDK\2.0\bin\x86;C:\Program Files (x86)\Intel\OpenCL SDK\2.0\bin\x64;C:\Program Files\Intel\WiFi\bin\;C:\Program Files\Common Files\Intel\WirelessCommon\;C:\Program Files (x86)\Windows Live\Shared;c:\Program Files (x86)\Microsoft SQL Server\100\Tools\Binn\;c:\Program Files\Microsoft SQL Server\100\Tools\Binn\;c:\Program Files\Microsoft SQL Server\100\DTS\Binn\;c:\MinGW\bin\;C:\Program Files (x86)\Microchip\MPLAB C32 Suite\bin;C;\iverilog\bin;C:\Program Files (x86)\SMLNJ\bin\;C:\Program Files\Microsoft Compute Cluster Pack\Bin\;C:\Apache24\bin\;C:\Program Files\MySQL\MySQL Server 5.6\bin\;C:\Program Files (x86)\Skype\Phone\;C:\Program Files\nodejs\;C:\Users\Yejin\AppData\Local\atom\bin;C:\Users\Yejin\AppData\Local\Microsoft\WindowsApps;C:\Users\Yejin\AppData\Roaming\npm
10 verbose lifecycle notice-board@0.0.0~start: CWD: C:\Users\Yejin\js\Node\notice_board
11 silly lifecycle notice-board@0.0.0~start: Args: [ '/d /s /c', 'node ./bin/www' ]
12 silly lifecycle notice-board@0.0.0~start: Returned: code: 1  signal: null
13 info lifecycle notice-board@0.0.0~start: Failed to exec start script
14 verbose stack Error: notice-board@0.0.0 start: `node ./bin/www`
14 verbose stack Exit status 1
14 verbose stack     at EventEmitter.<anonymous> (C:\Program Files\nodejs\node_modules\npm\lib\utils\lifecycle.js:255:16)
14 verbose stack     at emitTwo (events.js:106:13)
14 verbose stack     at EventEmitter.emit (events.js:191:7)
14 verbose stack     at ChildProcess.<anonymous> (C:\Program Files\nodejs\node_modules\npm\lib\utils\spawn.js:40:14)
14 verbose stack     at emitTwo (events.js:106:13)
14 verbose stack     at ChildProcess.emit (events.js:191:7)
14 verbose stack     at maybeClose (internal/child_process.js:877:16)
14 verbose stack     at Process.ChildProcess._handle.onexit (internal/child_process.js:226:5)
15 verbose pkgid notice-board@0.0.0
16 verbose cwd C:\Users\Yejin\js\Node\notice_board
17 error Windows_NT 10.0.14393
18 error argv "C:\\Program Files\\nodejs\\node.exe" "C:\\Program Files\\nodejs\\node_modules\\npm\\bin\\npm-cli.js" "start"
19 error node v6.9.4
20 error npm  v3.10.10
21 error code ELIFECYCLE
22 error notice-board@0.0.0 start: `node ./bin/www`
22 error Exit status 1
23 error Failed at the notice-board@0.0.0 start script 'node ./bin/www'.
23 error Make sure you have the latest version of node.js and npm installed.
23 error If you do, this is most likely a problem with the notice-board package,
23 error not with npm itself.
23 error Tell the author that this fails on your system:
23 error     node ./bin/www
23 error You can get information on how to open an issue for this project with:
23 error     npm bugs notice-board
23 error Or if that isn't available, you can get their info via:
23 error     npm owner ls notice-board
23 error There is likely additional logging output above.
24 verbose exit [ 1, true ]
